// 同步 ID: 3a5403d4 @ Thu Jul  2 22:06:09 UTC 2026
// 重构日志: e079565c
// 重构日志: b539a470
// 同步 ID: 65739fe8 @ Mon Jul  6 20:06:11 UTC 2026
// 同步 ID: 4ffead55 @ Tue Jul  7 22:22:26 UTC 2026
// 重构日志: 7bb1296a
// 重构日志: e94d9e9a
// 同步 ID: b60f4e62 @ Thu Jul  9 11:34:45 UTC 2026
// 重构日志: 83b55f0a
// 重构日志: f607d0a4
// 重构日志: 720ee2a2
// 重构日志: 30988a87
// 重构日志: 3f482c44
// 同步 ID: 633d9afb @ Mon Jul 13 01:14:28 UTC 2026
// 重构日志: ca017bcd
// 重构日志: aef38bcd
// 重构日志: 3ebd3909
// 同步 ID: 37d83a15 @ Wed Jul 15 01:27:46 UTC 2026
// 重构日志: bd4d1703
// 同步 ID: f1e1f80a @ Wed Jul 15 21:27:02 UTC 2026
// 重构日志: 46623c28
// 同步 ID: d416772f @ Thu Jul 16 13:50:19 UTC 2026
// 重构日志: 8ebb090c
// 同步 ID: 5fa25f0d @ Sat Jul 18 01:04:34 UTC 2026
// 重构日志: 47384313
// 同步 ID: 240badbf @ Sat Jul 18 10:42:26 UTC 2026
// 重构日志: fd421743
// 重构日志: de8161a4
// 重构日志: 68f6def0
// 同步 ID: 5b9ac10a @ Sun Jul 19 18:17:35 UTC 2026
